Build started 30/05/2013 12:15:42 p.m..
     1>Project "C:\Proyectos_PIC\ESSPICComunication\ESSPICComunication.vcxproj" on node 2 (build target(s)).
     1>InitializeBuildStatus:
         Creating "Release\ESSPICComunication.unsuccessfulbuild" because "AlwaysCreate" was specified.
       ClCompile:
         c:\Program Files (x86)\Microsoft Visual Studio 10.0\VC\bin\CL.exe /c /Zi /nologo /W3 /WX- /O2 /Oi /Oy- /GL /D WIN32 /D NDEBUG /D _CONSOLE /D _UNICODE /D UNICODE /Gm- /EHsc /MD /GS /Gy /fp:precise /Zc:wchar_t /Zc:forScope /Yc"StdAfx.h" /Fp"Release\ESSPICComunication.pch" /Fo"Release\\" /Fd"Release\vc100.pdb" /Gd /TP /analyze- /errorReport:prompt stdafx.cpp
         stdafx.cpp
         c:\Program Files (x86)\Microsoft Visual Studio 10.0\VC\bin\CL.exe /c /Zi /nologo /W3 /WX- /O2 /Oi /Oy- /GL /D WIN32 /D NDEBUG /D _CONSOLE /D _UNICODE /D UNICODE /Gm- /EHsc /MD /GS /Gy /fp:precise /Zc:wchar_t /Zc:forScope /Yu"StdAfx.h" /Fp"Release\ESSPICComunication.pch" /Fo"Release\\" /Fd"Release\vc100.pdb" /Gd /TP /analyze- /errorReport:prompt ESSPICComunication.cpp
         ESSPICComunication.cpp
     1>ESSPICComunication.cpp(65): warning C4305: 'initializing' : truncation from 'int' to 'unsigned char'
     1>ESSPICComunication.cpp(65): warning C4309: 'initializing' : truncation of constant value
       Link:
         c:\Program Files (x86)\Microsoft Visual Studio 10.0\VC\bin\link.exe /ERRORREPORT:PROMPT /OUT:"C:\Proyectos_PIC\ESSPICComunication\Release\ESSPICComunication.exe" /INCREMENTAL:NO /NOLOGO kernel32.lib user32.lib gdi32.lib winspool.lib comdlg32.lib advapi32.lib shell32.lib ole32.lib oleaut32.lib uuid.lib odbc32.lib odbccp32.lib /MANIFEST /ManifestFile:"Release\ESSPICComunication.exe.intermediate.manifest" /MANIFESTUAC:"level='asInvoker' uiAccess='false'" /DEBUG /PDB:"C:\Proyectos_PIC\ESSPICComunication\Release\ESSPICComunication.pdb" /SUBSYSTEM:CONSOLE /OPT:REF /OPT:ICF /LTCG /TLBID:1 /DYNAMICBASE /NXCOMPAT /IMPLIB:"C:\Proyectos_PIC\ESSPICComunication\Release\ESSPICComunication.lib" /MACHINE:X86 Release\ESSPICComunication.obj
         Release\stdafx.obj
         Generating code
         Finished generating code
         ESSPICComunication.vcxproj -> C:\Proyectos_PIC\ESSPICComunication\Release\ESSPICComunication.exe
       Manifest:
         C:\Program Files (x86)\Microsoft SDKs\Windows\v7.0A\bin\mt.exe /nologo /verbose /outputresource:"C:\Proyectos_PIC\ESSPICComunication\Release\ESSPICComunication.exe;#1" /manifest Release\ESSPICComunication.exe.intermediate.manifest
       FinalizeBuildStatus:
         Deleting file "Release\ESSPICComunication.unsuccessfulbuild".
         Touching "Release\ESSPICComunication.lastbuildstate".
     1>Done Building Project "C:\Proyectos_PIC\ESSPICComunication\ESSPICComunication.vcxproj" (build target(s)).

Build succeeded.

Time Elapsed 00:00:01.07
